[NbConvertApp] Converting notebook notebooks/02_EDA_FeatureEngineering.ipynb to notebook
Traceback (most recent call last):
  File "/home/manheim666/.local/bin/jupyter-nbconvert", line 8, in <module>
    sys.exit(main())
             ~~~~^^
  File "/home/manheim666/.local/lib/python3.14/site-packages/jupyter_core/application.py", line 284, in launch_instance
    super().launch_instance(argv=argv, **kwargs)
    ~~~~~~~~~~~~~~~~~~~~~~~^^^^^^^^^^^^^^^^^^^^^
  File "/home/manheim666/.local/lib/python3.14/site-packages/traitlets/config/application.py", line 1075, in launch_instance
    app.start()
    ~~~~~~~~~^^
  File "/home/manheim666/.local/lib/python3.14/site-packages/nbconvert/nbconvertapp.py", line 420, in start
    self.convert_notebooks()
    ~~~~~~~~~~~~~~~~~~~~~~^^
  File "/home/manheim666/.local/lib/python3.14/site-packages/nbconvert/nbconvertapp.py", line 597, in convert_notebooks
    self.convert_single_notebook(notebook_filename)
    ~~~~~~~~~~~~~~~~~~~~~~~~~~~~^^^^^^^^^^^^^^^^^^^
  File "/home/manheim666/.local/lib/python3.14/site-packages/nbconvert/nbconvertapp.py", line 563, in convert_single_notebook
    output, resources = self.export_single_notebook(
                        ~~~~~~~~~~~~~~~~~~~~~~~~~~~^
        notebook_filename, resources, input_buffer=input_buffer
        ^^^^^^^^^^^^^^^^^^^^^^^^^^^^^^^^^^^^^^^^^^^^^^^^^^^^^^^
    )
    ^
  File "/home/manheim666/.local/lib/python3.14/site-packages/nbconvert/nbconvertapp.py", line 487, in export_single_notebook
    output, resources = self.exporter.from_filename(
                        ~~~~~~~~~~~~~~~~~~~~~~~~~~~^
        notebook_filename, resources=resources
        ^^^^^^^^^^^^^^^^^^^^^^^^^^^^^^^^^^^^^^
    )
    ^
  File "/home/manheim666/.local/lib/python3.14/site-packages/nbconvert/exporters/exporter.py", line 201, in from_filename
    return self.from_file(f, resources=resources, **kw)
           ~~~~~~~~~~~~~~^^^^^^^^^^^^^^^^^^^^^^^^^^^^^^
  File "/home/manheim666/.local/lib/python3.14/site-packages/nbconvert/exporters/exporter.py", line 220, in from_file
    return self.from_notebook_node(
           ~~~~~~~~~~~~~~~~~~~~~~~^
        nbformat.read(file_stream, as_version=4), resources=resources, **kw
        ^^^^^^^^^^^^^^^^^^^^^^^^^^^^^^^^^^^^^^^^^^^^^^^^^^^^^^^^^^^^^^^^^^^
    )
    ^
  File "/home/manheim666/.local/lib/python3.14/site-packages/nbconvert/exporters/notebook.py", line 36, in from_notebook_node
    nb_copy, resources = super().from_notebook_node(nb, resources, **kw)
                         ~~~~~~~~~~~~~~~~~~~~~~~~~~^^^^^^^^^^^^^^^^^^^^^
  File "/home/manheim666/.local/lib/python3.14/site-packages/nbconvert/exporters/exporter.py", line 154, in from_notebook_node
    nb_copy, resources = self._preprocess(nb_copy, resources)
                         ~~~~~~~~~~~~~~~~^^^^^^^^^^^^^^^^^^^^
  File "/home/manheim666/.local/lib/python3.14/site-packages/nbconvert/exporters/exporter.py", line 353, in _preprocess
    nbc, resc = preprocessor(nbc, resc)
                ~~~~~~~~~~~~^^^^^^^^^^^
  File "/home/manheim666/.local/lib/python3.14/site-packages/nbconvert/preprocessors/base.py", line 48, in __call__
    return self.preprocess(nb, resources)
           ~~~~~~~~~~~~~~~^^^^^^^^^^^^^^^
  File "/home/manheim666/.local/lib/python3.14/site-packages/nbconvert/preprocessors/execute.py", line 103, in preprocess
    self.preprocess_cell(cell, resources, index)
    ~~~~~~~~~~~~~~~~~~~~^^^^^^^^^^^^^^^^^^^^^^^^
  File "/home/manheim666/.local/lib/python3.14/site-packages/nbconvert/preprocessors/execute.py", line 124, in preprocess_cell
    cell = self.execute_cell(cell, index, store_history=True)
  File "/home/manheim666/.local/lib/python3.14/site-packages/jupyter_core/utils/__init__.py", line 165, in wrapped
    return loop.run_until_complete(inner)
           ~~~~~~~~~~~~~~~~~~~~~~~^^^^^^^
  File "/usr/lib64/python3.14/asyncio/base_events.py", line 719, in run_until_complete
    return future.result()
           ~~~~~~~~~~~~~^^
  File "/home/manheim666/.local/lib/python3.14/site-packages/nbclient/client.py", line 1062, in async_execute_cell
    await self._check_raise_for_error(cell, cell_index, exec_reply)
  File "/home/manheim666/.local/lib/python3.14/site-packages/nbclient/client.py", line 918, in _check_raise_for_error
    raise CellExecutionError.from_cell_and_msg(cell, exec_reply_content)
nbclient.exceptions.CellExecutionError: An error occurred while executing the following cell:
------------------
# ─── §1: Load BOTH master datasets ────────────────────────────────────────
df = pd.read_parquet(PROCESSED / "master_daily.parquet")
df["Date"] = pd.to_datetime(df["Date"])
df = df.sort_values(["City", "Date"]).reset_index(drop=True)

hourly_path = PROCESSED / "master_hourly.parquet"
if hourly_path.exists():
    df_h = pd.read_parquet(hourly_path)
    df_h["Timestamp"] = pd.to_datetime(df_h["Timestamp"])
    df_h["Date"] = pd.to_datetime(df_h["Date"])
    df_h = df_h.sort_values(["City", "Timestamp"]).reset_index(drop=True)
    HAS_HOURLY = True
else:
    HAS_HOURLY = False
    print("⚠ master_hourly.parquet not found — hourly analysis will be skipped")

print(f"{'─'*30} DAILY {'─'*30}")
print(f"Shape: {df.shape}")
print(f"Cities: {df['City'].nunique()}")
print(f"Date range: {df['Date'].min().date()} → {df['Date'].max().date()}")
print(f"Fire rate: {df['Fire_Occurred'].mean()*100:.2f}%")

if HAS_HOURLY:
    print(f"\n{'─'*30} HOURLY {'─'*29}")
    print(f"Shape: {df_h.shape}")
    print(f"Time range: {df_h['Timestamp'].min()} → {df_h['Timestamp'].max()}")
    print(f"Fire rate: {df_h['Fire_Occurred'].mean()*100:.2f}%")
    print(f"Hours per day: {df_h.groupby(['City','Date']).size().median():.0f}")

print()
df.head(3)
------------------


[31m---------------------------------------------------------------------------[39m
[31mArrowInvalid[39m                              Traceback (most recent call last)
[36mCell[39m[36m [39m[32mIn[2][39m[32m, line 2[39m
[32m      1[39m [38;5;66;03m# ─── §1: Load BOTH master datasets ────────────────────────────────────────[39;00m
[32m----> [39m[32m2[39m df = pd.read_parquet(PROCESSED / [33m"master_daily.parquet"[39m)
[32m      3[39m df[[33m"Date"[39m] = pd.to_datetime(df[[33m"Date"[39m])
[32m      4[39m df = df.sort_values([[33m"City"[39m, [33m"Date"[39m]).reset_index(drop=[38;5;28;01mTrue[39;00m)
[32m      5[39m 

[36mFile [39m[32m~/.local/lib/python3.14/site-packages/pandas/io/parquet.py:669[39m, in [36mread_parquet[39m[34m(path, engine, columns, storage_options, use_nullable_dtypes, dtype_backend, filesystem, filters, **kwargs)[39m
[32m    666[39m     use_nullable_dtypes = [38;5;28;01mFalse[39;00m
[32m    667[39m check_dtype_backend(dtype_backend)
[32m--> [39m[32m669[39m [38;5;28;01mreturn[39;00m [30;43mimpl[39;49m[30;43m.[39;49m[30;43mread[39;49m[30;43m([39;49m
[32m    670[39m [30;43m    [39;49m[30;43mpath[39;49m[30;43m,[39;49m
[32m    671[39m [30;43m    [39;49m[30;43mcolumns[39;49m[30;43m=[39;49m[30;43mcolumns[39;49m[30;43m,[39;49m
[32m    672[39m [30;43m    [39;49m[30;43mfilters[39;49m[30;43m=[39;49m[30;43mfilters[39;49m[30;43m,[39;49m
[32m    673[39m [30;43m    [39;49m[30;43mstorage_options[39;49m[30;43m=[39;49m[30;43mstorage_options[39;49m[30;43m,[39;49m
[32m    674[39m [30;43m    [39;49m[30;43muse_nullable_dtypes[39;49m[30;43m=[39;49m[30;43muse_nullable_dtypes[39;49m[30;43m,[39;49m
[32m    675[39m [30;43m    [39;49m[30;43mdtype_backend[39;49m[30;43m=[39;49m[30;43mdtype_backend[39;49m[30;43m,[39;49m
[32m    676[39m [30;43m    [39;49m[30;43mfilesystem[39;49m[30;43m=[39;49m[30;43mfilesystem[39;49m[30;43m,[39;49m
[32m    677[39m [30;43m    [39;49m[30;43m*[39;49m[30;43m*[39;49m[30;43mkwargs[39;49m[30;43m,[39;49m
[32m    678[39m [30;43m[39;49m[30;43m)[39;49m

[36mFile [39m[32m~/.local/lib/python3.14/site-packages/pandas/io/parquet.py:265[39m, in [36mPyArrowImpl.read[39m[34m(self, path, columns, filters, use_nullable_dtypes, dtype_backend, storage_options, filesystem, **kwargs)[39m
[32m    258[39m path_or_handle, handles, filesystem = _get_path_or_handle(
[32m    259[39m     path,
[32m    260[39m     filesystem,
[32m    261[39m     storage_options=storage_options,
[32m    262[39m     mode=[33m"[39m[33mrb[39m[33m"[39m,
[32m    263[39m )
[32m    264[39m [38;5;28;01mtry[39;00m:
[32m--> [39m[32m265[39m     pa_table = [30;43mself[39;49m[30;43m.[39;49m[30;43mapi[39;49m[30;43m.[39;49m[30;43mparquet[39;49m[30;43m.[39;49m[30;43mread_table[39;49m[30;43m([39;49m
[32m    266[39m [30;43m        [39;49m[30;43mpath_or_handle[39;49m[30;43m,[39;49m
[32m    267[39m [30;43m        [39;49m[30;43mcolumns[39;49m[30;43m=[39;49m[30;43mcolumns[39;49m[30;43m,[39;49m
[32m    268[39m [30;43m        [39;49m[30;43mfilesystem[39;49m[30;43m=[39;49m[30;43mfilesystem[39;49m[30;43m,[39;49m
[32m    269[39m [30;43m        [39;49m[30;43mfilters[39;49m[30;43m=[39;49m[30;43mfilters[39;49m[30;43m,[39;49m
[32m    270[39m [30;43m        [39;49m[30;43m*[39;49m[30;43m*[39;49m[30;43mkwargs[39;49m[30;43m,[39;49m
[32m    271[39m [30;43m    [39;49m[30;43m)[39;49m
[32m    273[39m     [38;5;28;01mwith[39;00m catch_warnings():
[32m    274[39m         filterwarnings(
[32m    275[39m             [33m"[39m[33mignore[39m[33m"[39m,
[32m    276[39m             [33m"[39m[33mmake_block is deprecated[39m[33m"[39m,
[32m    277[39m             [38;5;167;01mDeprecationWarning[39;00m,
[32m    278[39m         )

[36mFile [39m[32m~/.local/lib/python3.14/site-packages/pyarrow/parquet/core.py:1891[39m, in [36mread_table[39m[34m(source, columns, use_threads, schema, use_pandas_metadata, read_dictionary, binary_type, list_type, memory_map, buffer_size, partitioning, filesystem, filters, ignore_prefixes, pre_buffer, coerce_int96_timestamp_unit, decryption_properties, thrift_string_size_limit, thrift_container_size_limit, page_checksum_verification, arrow_extensions_enabled)[39m
[32m   1879[39m [38;5;28;01mdef[39;00m[38;5;250m [39m[34mread_table[39m(source, *, columns=[38;5;28;01mNone[39;00m, use_threads=[38;5;28;01mTrue[39;00m,
[32m   1880[39m                schema=[38;5;28;01mNone[39;00m, use_pandas_metadata=[38;5;28;01mFalse[39;00m, read_dictionary=[38;5;28;01mNone[39;00m,
[32m   1881[39m                binary_type=[38;5;28;01mNone[39;00m, list_type=[38;5;28;01mNone[39;00m, memory_map=[38;5;28;01mFalse[39;00m, buffer_size=[32m0[39m,
[32m   (...)[39m[32m   1887[39m                page_checksum_verification=[38;5;28;01mFalse[39;00m,
[32m   1888[39m                arrow_extensions_enabled=[38;5;28;01mTrue[39;00m):
[32m   1890[39m     [38;5;28;01mtry[39;00m:
[32m-> [39m[32m1891[39m         dataset = [30;43mParquetDataset[39;49m[30;43m([39;49m
[32m   1892[39m [30;43m            [39;49m[30;43msource[39;49m[30;43m,[39;49m
[32m   1893[39m [30;43m            [39;49m[30;43mschema[39;49m[30;43m=[39;49m[30;43mschema[39;49m[30;43m,[39;49m
[32m   1894[39m [30;43m            [39;49m[30;43mfilesystem[39;49m[30;43m=[39;49m[30;43mfilesystem[39;49m[30;43m,[39;49m
[32m   1895[39m [30;43m            [39;49m[30;43mpartitioning[39;49m[30;43m=[39;49m[30;43mpartitioning[39;49m[30;43m,[39;49m
[32m   1896[39m [30;43m            [39;49m[30;43mmemory_map[39;49m[30;43m=[39;49m[30;43mmemory_map[39;49m[30;43m,[39;49m
[32m   1897[39m [30;43m            [39;49m[30;43mread_dictionary[39;49m[30;43m=[39;49m[30;43mread_dictionary[39;49m[30;43m,[39;49m
[32m   1898[39m [30;43m            [39;49m[30;43mbinary_type[39;49m[30;43m=[39;49m[30;43mbinary_type[39;49m[30;43m,[39;49m
[32m   1899[39m [30;43m            [39;49m[30;43mlist_type[39;49m[30;43m=[39;49m[30;43mlist_type[39;49m[30;43m,[39;49m
[32m   1900[39m [30;43m            [39;49m[30;43mbuffer_size[39;49m[30;43m=[39;49m[30;43mbuffer_size[39;49m[30;43m,[39;49m
[32m   1901[39m [30;43m            [39;49m[30;43mfilters[39;49m[30;43m=[39;49m[30;43mfilters[39;49m[30;43m,[39;49m
[32m   1902[39m [30;43m            [39;49m[30;43mignore_prefixes[39;49m[30;43m=[39;49m[30;43mignore_prefixes[39;49m[30;43m,[39;49m
[32m   1903[39m [30;43m            [39;49m[30;43mpre_buffer[39;49m[30;43m=[39;49m[30;43mpre_buffer[39;49m[30;43m,[39;49m
[32m   1904[39m [30;43m            [39;49m[30;43mcoerce_int96_timestamp_unit[39;49m[30;43m=[39;49m[30;43mcoerce_int96_timestamp_unit[39;49m[30;43m,[39;49m
[32m   1905[39m [30;43m            [39;49m[30;43mdecryption_properties[39;49m[30;43m=[39;49m[30;43mdecryption_properties[39;49m[30;43m,[39;49m
[32m   1906[39m [30;43m            [39;49m[30;43mthrift_string_size_limit[39;49m[30;43m=[39;49m[30;43mthrift_string_size_limit[39;49m[30;43m,[39;49m
[32m   1907[39m [30;43m            [39;49m[30;43mthrift_container_size_limit[39;49m[30;43m=[39;49m[30;43mthrift_container_size_limit[39;49m[30;43m,[39;49m
[32m   1908[39m [30;43m            [39;49m[30;43mpage_checksum_verification[39;49m[30;43m=[39;49m[30;43mpage_checksum_verification[39;49m[30;43m,[39;49m
[32m   1909[39m [30;43m            [39;49m[30;43marrow_extensions_enabled[39;49m[30;43m=[39;49m[30;43marrow_extensions_enabled[39;49m[30;43m,[39;49m
[32m   1910[39m [30;43m        [39;49m[30;43m)[39;49m
[32m   1911[39m     [38;5;28;01mexcept[39;00m [38;5;167;01mImportError[39;00m:
[32m   1912[39m         [38;5;66;03m# fall back on ParquetFile for simple cases when pyarrow.dataset[39;00m
[32m   1913[39m         [38;5;66;03m# module is not available[39;00m
[32m   1914[39m         [38;5;28;01mif[39;00m filters [38;5;129;01mis[39;00m [38;5;129;01mnot[39;00m [38;5;28;01mNone[39;00m:

[36mFile [39m[32m~/.local/lib/python3.14/site-packages/pyarrow/parquet/core.py:1460[39m, in [36mParquetDataset.__init__[39m[34m(self, path_or_paths, filesystem, schema, filters, read_dictionary, binary_type, list_type, memory_map, buffer_size, partitioning, ignore_prefixes, pre_buffer, coerce_int96_timestamp_unit, decryption_properties, thrift_string_size_limit, thrift_container_size_limit, page_checksum_verification, arrow_extensions_enabled)[39m
[32m   1456[39m [38;5;28;01mif[39;00m single_file [38;5;129;01mis[39;00m [38;5;129;01mnot[39;00m [38;5;28;01mNone[39;00m:
[32m   1457[39m     fragment = parquet_format.make_fragment(single_file, filesystem)
[32m   1459[39m     [38;5;28mself[39m._dataset = ds.FileSystemDataset(
[32m-> [39m[32m1460[39m         [fragment], schema=schema [38;5;129;01mor[39;00m [30;43mfragment[39;49m[30;43m.[39;49m[30;43mphysical_schema[39;49m,
[32m   1461[39m         [38;5;28mformat[39m=parquet_format,
[32m   1462[39m         filesystem=fragment.filesystem
[32m   1463[39m     )
[32m   1464[39m     [38;5;28;01mreturn[39;00m
[32m   1466[39m [38;5;66;03m# check partitioning to enable dictionary encoding[39;00m

[36mFile [39m[32mpyarrow/_dataset.pyx:1477[39m, in [36mpyarrow._dataset.Fragment.physical_schema.__get__[39m[34m()[39m
[32m-> [39m[32m1477[39m [33m'Could not get source, probably due dynamically evaluated source code.'[39m

[36mFile [39m[32mpyarrow/error.pxi:155[39m, in [36mpyarrow.lib.pyarrow_internal_check_status[39m[34m()[39m
[32m--> [39m[32m155[39m [33m'Could not get source, probably due dynamically evaluated source code.'[39m

[36mFile [39m[32mpyarrow/error.pxi:92[39m, in [36mpyarrow.lib.check_status[39m[34m()[39m
[32m---> [39m[32m92[39m [33m'Could not get source, probably due dynamically evaluated source code.'[39m

[31mArrowInvalid[39m: Could not open Parquet input source '<Buffer>': Parquet magic bytes not found in footer. Either the file is corrupted or this is not a parquet file.

