MANHEIM Pipeline — 2026-05-07 19:28:28
mode=full  script=False  fast=False
================================================================
OK    01_Data_Ingestion.ipynb                             48s
OK    02_EDA_FeatureEngineering.ipynb                   3m 9s
FAIL  03_Weather_TimeSeries.ipynb                      23m 5s
      nbclient.exceptions.CellExecutionError: An error occurred while executing the following cell:
------------------
# ─── §3: XGBoost recursive forecaster ─────────────────────────────────────

def xgb_features(series, lags=[1,2,3,5,7,14,30]):
    """Create lag features from a time series."""
    df_feat = pd.DataFrame({"y": series.values}, index=series.index)
    for lag in lags:
        df_feat[f"lag_{lag}"] = df_feat["y"].shift(lag)
    for w in [7, 14, 30]:
        df_feat[f"roll_{w}_mean"] = df_feat["y"].shift(1).rolling(w).mean()
        df_feat[f"roll_{w}_std"]  = df_feat["y"].shift(1).rolling(w).std()
    df_feat["dayofyear"] = series.index.dayofyear
    df_feat["month"]     = series.index.month
    return df_feat.dropna()


def xgb_forecast(city_df, var, n_days):
    """Train XGBoost and recursively forecast n_days."""
    ts = city_df.set_index("Date")[var].dropna()
    if len(ts) < 100:
        return pd.DataFrame()

    feat = xgb_features(ts)
    X = feat.drop(columns=["y"])
    y = feat["y"]

    model = xgb.XGBRegressor(
        n_estimators=300, max_depth=6, learning_rate=0.05,
        subsample=0.8, colsample_bytree=0.8, random_state=42,
        n_jobs=-1, verbosity=0, **XGB_GPU_PARAMS)
    model.fit(X, y)

    # Recursive forecast
    last_vals = ts.values.tolist()
    last_date = ts.index[-1]
    preds = []
    for i in range(n_days):
        fdate = last_date + pd.Timedelta(days=i+1)
        row = {}
        for lag in [1,2,3,5,7,14,30]:
            idx = len(last_vals) - lag
            row[f"lag_{lag}"] = last_vals[idx] if idx >= 0 else np.nan
        for w in [7, 14, 30]:
            vals = last_vals[-w:]
            row[f"roll_{w}_mean"] = np.mean(vals) if len(vals)==w else np.nan
            row[f"roll_{w}_std"]  = np.std(vals) if len(vals)==w else np.nan
        row["dayofyear"] = fdate.dayofyear
        row["month"]     = fdate.month

        x_pred = pd.DataFrame([row])[X.columns]
        pred = model.predict(x_pred)[0]
        preds.append({"Date": fdate, f"{var}_xgb": pred})
        last_vals.append(pred)

    return pd.DataFrame(preds)


print("Running XGBoost recursive forecasts...")
xgb_results = {}
for city in tqdm(CITIES, desc="XGBoost"):
    city_data = df[df["City"]==city].copy()
    train = city_data[city_data["Date"] <= cutoff]

    for var in TARGETS:
        fc = xgb_forecast(train, var, HOLDOUT_DAYS + 30)
        if not fc.empty:
            xgb_results[(city, var)] = fc

print(f"XGBoost models fitted: {len(xgb_results)}")
------------------

----- stdout -----
Running XGBoost recursive forecasts...
------------------

[31m---------------------------------------------------------------------------[39m
[31mXGBoostError[39m                              Traceback (most recent call last)
[36mCell[39m[36m [39m[32mIn[4][39m[32m, line 64[39m
[32m     60[39m     city_data = df[df[[33m"City"[39m]==city].copy()
[32m     61[39m     train = city_data[city_data[[33m"Date"[39m] <= cutoff]
[32m     62[39m 
[32m     63[39m     [38;5;28;01mfor[39;00m var [38;5;28;01min[39;00m TARGETS:
[32m---> [39m[32m64[39m         fc = xgb_forecast(train, var, HOLDOUT_DAYS + [32m30[39m)
[32m     65[39m         [38;5;28;01mif[39;00m [38;5;28;01mnot[39;00m fc.empty:
[32m     66[39m             xgb_results[(city, var)] = fc
[32m     67[39m 

[36mCell[39m[36m [39m[32mIn[4][39m[32m, line 30[39m, in [36mxgb_forecast[39m[34m(city_df, var, n_days)[39m
[32m     26[39m     model = xgb.XGBRegressor(
[32m     27[39m         n_estimators=[32m300[39m, max_depth=[32m6[39m, learning_rate=[32m0.05[39m,
[32m     28[39m         subsample=[32m0.8[39m, colsample_bytree=[32m0.8[39m, random_state=[32m42[39m,
[32m     29[39m         n_jobs=-[32m1[39m, verbosity=[32m0[39m, **XGB_GPU_PARAMS)
[32m---> [39m[32m30[39m     model.fit(X, y)
[32m     31[39m 
[32m     32[39m     [38;5;66;03m# Recursive forecast[39;00m
[32m     33[39m     last_vals = ts.values.tolist()

[36mFile [39m[32m~/.local/lib/python3.14/site-packages/xgboost/core.py:751[39m, in [36mrequire_keyword_args.<locals>.throw_if.<locals>.inner_f[39m[34m(*args, **kwargs)[39m
[32m    749[39m [38;5;28;01mfor[39;00m k, arg [38;5;129;01min[39;00m [38;5;28mzip[39m(sig.parameters, args):
[32m    750[39m     kwargs[k] = arg
[32m--> [39m[32m751[39m [38;5;28;01mreturn[39;00m [30;43mfunc[39;49m[30;43m([39;49m[30;43m*[39;49m[30;43m*[39;49m[30;43mkwargs[39;49m[30;43m)[39;49m

[36mFile [39m[32m~/.local/lib/python3.14/site-packages/xgboost/sklearn.py:1368[39m, in [36mXGBModel.fit[39m[34m(self, X, y, sample_weight, base_margin, eval_set, verbose, xgb_model, sample_weight_eval_set, base_margin_eval_set, feature_weights)[39m
[32m   1365[39m [38;5;28;01melse[39;00m:
[32m   1366[39m     obj = [38;5;28;01mNone[39;00m
[32m-> [39m[32m1368[39m [38;5;28mself[39m._Booster = [30;43mtrain[39;49m[30;43m([39;49m
[32m   1369[39m [30;43m    [39;49m[30;43mparams[39;49m[30;43m,[39;49m
[32m   1370[39m [30;43m    [39;49m[30;43mtrain_dmatrix[39;49m[30;43m,[39;49m
[32m   1371[39m [30;43m    [39;49m[30;43mself[39;49m[30;43m.[39;49m[30;43mget_num_boosting_rounds[39;49m[30;43m([39;49m[30;43m)[39;49m[30;43m,[39;49m
[32m   1372[39m [30;43m    [39;49m[30;43mevals[39;49m[30;43m=[39;49m[30;43mevals[39;49m[30;43m,[39;49m
[32m   1373[39m [30;43m    [39;49m[30;43mearly_stopping_rounds[39;49m[30;43m=[39;49m[30;43mself[39;49m[30;43m.[39;49m[30;43mearly_stopping_rounds[39;49m[30;43m,[39;49m
[32m   1374[39m [30;43m    [39;49m[30;43mevals_result[39;49m[30;43m=[39;49m[30;43mevals_result[39;49m[30;43m,[39;49m
[32m   1375[39m [30;43m    [39;49m[30;43mobj[39;49m[30;43m=[39;49m[30;43mobj[39;49m[30;43m,[39;49m
[32m   1376[39m [30;43m    [39;49m[30;43mcustom_metric[39;49m[30;43m=[39;49m[30;43mmetric[39;49m[30;43m,[39;49m
[32m   1377[39m [30;43m    [39;49m[30;43mverbose_eval[39;49m[30;43m=[39;49m[30;43mverbose[39;49m[30;43m,[39;49m
[32m   1378[39m [30;43m    [39;49m[30;43mxgb_model[39;49m[30;43m=[39;49m[30;43mmodel[39;49m[30;43m,[39;49m
[32m   1379[39m [30;43m    [39;49m[30;43mcallbacks[39;49m[30;43m=[39;49m[30;43mself[39;49m[30;43m.[39;49m[30;43mcallbacks[39;49m[30;43m,[39;49m
[32m   1380[39m [30;43m[39;49m[30;43m)[39;49m
[32m   1382[39m [38;5;28mself[39m._set_evaluation_result(evals_result)
[32m   1383[39m [38;5;28;01mreturn[39;00m [38;5;28mself[39m

[36mFile [39m[32m~/.local/lib/python3.14/site-packages/xgboost/core.py:751[39m, in [36mrequire_keyword_args.<locals>.throw_if.<locals>.inner_f[39m[34m(*args, **kwargs)[39m
[32m    749[39m [38;5;28;01mfor[39;00m k, arg [38;5;129;01min[39;00m [38;5;28mzip[39m(sig.parameters, args):
[32m    750[39m     kwargs[k] = arg
[32m--> [39m[32m751[39m [38;5;28;01mreturn[39;00m [30;43mfunc[39;49m[30;43m([39;49m[30;43m*[39;49m[30;43m*[39;49m[30;43mkwargs[39;49m[30;43m)[39;49m

[36mFile [39m[32m~/.local/lib/python3.14/site-packages/xgboost/training.py:200[39m, in [36mtrain[39m[34m(params, dtrain, num_boost_round, evals, obj, maximize, early_stopping_rounds, evals_result, verbose_eval, xgb_model, callbacks, custom_metric)[39m
[32m    198[39m [38;5;28;01mif[39;00m cb_container.before_iteration(bst, i, dtrain, evals):
[32m    199[39m     [38;5;28;01mbreak[39;00m
[32m--> [39m[32m200[39m [30;43mbst[39;49m[30;43m.[39;49m[30;43mupdate[39;49m[30;43m([39;49m[30;43mdtrain[39;49m[30;43m,[39;49m[30;43m [39;49m[30;43miteration[39;49m[30;43m=[39;49m[30;43mi[39;49m[30;43m,[39;49m[30;43m [39;49m[30;43mfobj[39;49m[30;43m=[39;49m[30;43mobj[39;49m[30;43m)[39;49m
[32m    201[39m [38;5;28;01mif[39;00m cb_container.after_iteration(bst, i, dtrain, evals):
[32m    202[39m     [38;5;28;01mbreak[39;00m

[36mFile [39m[32m~/.local/lib/python3.14/site-packages/xgboost/core.py:2390[39m, in [36mBooster.update[39m[34m(self, dtrain, iteration, fobj)[39m
[32m   2387[39m [38;5;28mself[39m._assign_dmatrix_features(dtrain)
[32m   2389[39m [38;5;28;01mif[39;00m fobj [38;5;129;01mis[39;00m [38;5;28;01mNone[39;00m:
[32m-> [39m[32m2390[39m     [30;43m_check_call[39;49m[30;43m([39;49m
[32m   2391[39m [30;43m        [39;49m[30;43m_LIB[39;49m[30;43m.[39;49m[30;43mXGBoosterUpdateOneIter[39;49m[30;43m([39;49m
[32m   2392[39m [30;43m            [39;49m[30;43mself[39;49m[30;43m.[39;49m[30;43mhandle[39;49m[30;43m,[39;49m[30;43m [39;49m[30;43mctypes[39;49m[30;43m.[39;49m[30;43mc_int[39;49m[30;43m([39;49m[30;43miteration[39;49m[30;43m)[39;49m[30;43m,[39;49m[30;43m [39;49m[30;43mdtrain[39;49m[30;43m.[39;49m[30;43mhandle[39;49m
[32m   2393[39m [30;43m        [39;49m[30;43m)[39;49m
[32m   2394[39m [30;43m    [39;49m[30;43m)[39;49m
[32m   2395[39m     [38;5;28;01mreturn[39;00m
[32m   2397[39m [38;5;66;03m# Forward the gradient calculation to the boost method.[39;00m

[36mFile [39m[32m~/.local/lib/python3.14/site-packages/xgboost/core.py:324[39m, in [36m_check_call[39m[34m(ret)[39m
[32m    313[39m [38;5;250m[39m[33;03m"""Check the return value of C API call[39;00m
[32m    314[39m 
[32m    315[39m [33;03mThis function will raise exception when error occurs.[39;00m
[32m   (...)[39m[32m    321[39m [33;03m    return value from API calls[39;00m
[32m    322[39m [33;03m"""[39;00m
[32m    323[39m [38;5;28;01mif[39;00m ret != [32m0[39m:
[32m--> [39m[32m324[39m     [38;5;28;01mraise[39;00m XGBoostError(py_str(_LIB.XGBGetLastError()))

[31mXGBoostError[39m: [19:28:20] /__w/xgboost/xgboost/src/common/device_vector.cu:23: Memory allocation error on worker 0: std::bad_alloc: cudaErrorMemoryAllocation: out of memory
- Free memory: 8.8125MB
- Requested memory: 32MB

Stack trace:
  [bt] (0) /home/manheim666/.local/lib/python3.14/site-packages/xgboost/lib/libxgboost.so(+0x2c1a8c) [0x7f92630c1a8c]
  [bt] (1) /home/manheim666/.local/lib/python3.14/site-packages/xgboost/lib/libxgboost.so(+0xb7cd33) [0x7f926397cd33]
  [bt] (2) /home/manheim666/.local/lib/python3.14/site-packages/xgboost/lib/libxgboost.so(+0x135db45) [0x7f926415db45]
  [bt] (3) /home/manheim666/.local/lib/python3.14/site-packages/xgboost/lib/libxgboost.so(+0x134969d) [0x7f926414969d]
  [bt] (4) /home/manheim666/.local/lib/python3.14/site-packages/xgboost/lib/libxgboost.so(+0x141c9aa) [0x7f926421c9aa]
  [bt] (5) /home/manheim666/.local/lib/python3.14/site-packages/xgboost/lib/libxgboost.so(+0x141dd76) [0x7f926421dd76]
  [bt] (6) /home/manheim666/.local/lib/python3.14/site-packages/xgboost/lib/libxgboost.so(+0x142a2b9) [0x7f926422a2b9]
  [bt] (7) /home/manheim666/.local/lib/python3.14/site-packages/xgboost/lib/libxgboost.so(+0x6dc8a1) [0x7f92634dc8a1]
  [bt] (8) /home/manheim666/.local/lib/python3.14/site-packages/xgboost/lib/libxgboost.so(+0x6dd972) [0x7f92634dd972]
================================================================
Total time: 27m 5s
