MANHEIM Pipeline Run — 2026-05-07 11:02:35
================================================================
FAIL  01_Data_Ingestion.ipynb                         33m 11s
      nbclient.exceptions.CellExecutionError: An error occurred while executing the following cell:
------------------
import ee

ee.Authenticate()
ee.Initialize()

print("GEE works!")

------------------


[31m---------------------------------------------------------------------------[39m
[31mEEException[39m                               Traceback (most recent call last)
[36mCell[39m[36m [39m[32mIn[7][39m[32m, line 4[39m
[32m      1[39m [38;5;28;01mimport[39;00m ee
[32m      2[39m 
[32m      3[39m ee.Authenticate()
[32m----> [39m[32m4[39m ee.Initialize()
[32m      5[39m 
[32m      6[39m print([33m"GEE works!"[39m)

[36mFile [39m[32m~/.local/lib/python3.14/site-packages/ee/_utils.py:39[39m, in [36maccept_opt_prefix.<locals>.opt_fixed.<locals>.wrapper[39m[34m(*args, **kwargs)[39m
[32m     37[39m     [38;5;28;01mif[39;00m new_key [38;5;129;01mnot[39;00m [38;5;129;01min[39;00m kwargs:
[32m     38[39m       kwargs[new_key] = old_key_val
[32m---> [39m[32m39[39m [38;5;28;01mreturn[39;00m [30;43mfunc[39;49m[30;43m([39;49m[30;43m*[39;49m[30;43margs[39;49m[30;43m,[39;49m[30;43m [39;49m[30;43m*[39;49m[30;43m*[39;49m[30;43mkwargs[39;49m[30;43m)[39;49m

[36mFile [39m[32m~/.local/lib/python3.14/site-packages/ee/__init__.py:274[39m, in [36mInitialize[39m[34m(credentials, url, cloud_api_key, http_transport, project)[39m
[32m    265[39m   oauth_project_err = (
[32m    266[39m       [33m'[39m[33mCaller does not have required permission to use project [39m[33m'[39m +
[32m    267[39m       oauth_project
[32m    268[39m   )
[32m    269[39m   [38;5;28;01mif[39;00m (
[32m    270[39m       (adc_err [38;5;129;01min[39;00m [38;5;28mstr[39m(e))
[32m    271[39m       [38;5;129;01mor[39;00m (matches [38;5;129;01mand[39;00m oauth.is_sdk_project(matches[[32m1[39m]))
[32m    272[39m       [38;5;129;01mor[39;00m (oauth_project_err [38;5;129;01min[39;00m [38;5;28mstr[39m(e))
[32m    273[39m   ):
[32m--> [39m[32m274[39m     [38;5;28;01mraise[39;00m EEException(NO_PROJECT_EXCEPTION) [38;5;28;01mfrom[39;00m[38;5;250m [39m[38;5;28;01mNone[39;00m
[32m    275[39m   [38;5;28;01mraise[39;00m e
[32m    277[39m [38;5;28;01mfor[39;00m dynamic_class [38;5;129;01min[39;00m _DYNAMIC_CLASSES:

[31mEEException[39m: ee.Initialize: no project found. Call with project= or see http://goo.gle/ee-auth.
================================================================
Total: 0 passed, 1 failed — 33m 11s
